0 silly argv {
0 silly argv   _: [ 'clean' ],
0 silly argv   yes: true,
0 silly argv   y: true,
0 silly argv   lernaVersion: '5.6.2',
0 silly argv   '$0': '/Users/bear-bear-bear/works/blueone/node_modules/.bin/lerna'
0 silly argv }
1 notice cli v5.6.2
2 verbose rootPath /Users/bear-bear-bear/works/blueone
3 info versioning independent
4 error JSONError: Unexpected token "}" (0x7D) in JSON at position 260 while parsing near "...& npx pm2 monit\",\n  },\n  \"dependencies\":..." in packages/blueone-front/package.json
4 error
4 error [0m [90m  6 |[39m     [32m"build"[39m[33m:[39m [32m"cross-env ANALYZE=true NODE_ENV=production next build"[39m[33m,[39m[0m
4 error [0m [90m  7 |[39m     [32m"start"[39m[33m:[39m [32m"cross-env NODE_ENV=production pm2 start npm --name \"next\" -- start && npx pm2 monit"[39m[33m,[39m[0m
4 error [0m[31m[1m>[22m[39m[90m  8 |[39m   }[33m,[39m[0m
4 error [0m [90m    |[39m   [31m[1m^[22m[39m[0m
4 error [0m [90m  9 |[39m   [32m"dependencies"[39m[33m:[39m {[0m
4 error [0m [90m 10 |[39m     [32m"@ant-design/icons"[39m[33m:[39m [32m"^4.7.0"[39m[33m,[39m[0m
4 error [0m [90m 11 |[39m     [32m"@ant-design/plots"[39m[33m:[39m [32m"^1.0.7"[39m[33m,[39m[0m
4 error
4 error     at parseJson (/Users/bear-bear-bear/works/blueone/node_modules/parse-json/index.js:29:21)
4 error     at parse (/Users/bear-bear-bear/works/blueone/node_modules/load-json-file/index.js:15:9)
4 error     at module.exports (/Users/bear-bear-bear/works/blueone/node_modules/load-json-file/index.js:18:47)
